<?xml version="1.0" encoding="UTF-8"?>
<testng-results skipped="0" failed="1" ignored="0" total="1" passed="0">
  <reporter-output>
    <line>
      <![CDATA[Setup will do]]>
    </line>
    <line>
      <![CDATA[Setup done and test cases are executing]]>
    </line>
    <line>
      <![CDATA[Browser launching]]>
    </line>
    <line>
      <![CDATA[Browser lauched]]>
    </line>
    <line>
      <![CDATA[Test in After method]]>
    </line>
    <line>
      <![CDATA[Test completed and Reports generated]]>
    </line>
    <line>
      <![CDATA[Quiting]]>
    </line>
    <line>
      <![CDATA[Quiting done]]>
    </line>
  </reporter-output>
  <suite name="Suite" duration-ms="78149" started-at="2020-03-03T11:39:40Z" finished-at="2020-03-03T11:40:58Z">
    <groups>
    </groups>
    <test name="Test" duration-ms="78149" started-at="2020-03-03T11:39:40Z" finished-at="2020-03-03T11:40:58Z">
      <class name="com.framework.testcases.Testcasewithframework">
        <test-method status="PASS" signature="setupsuite()[pri:0, instance:com.framework.testcases.Testcasewithframework@3c0ecd4b]" name="setupsuite" is-config="true" duration-ms="1208" started-at="2020-03-03T11:39:38Z" finished-at="2020-03-03T11:39:40Z">
          <reporter-output>
            <line>
              <![CDATA[Setup will do]]>
            </line>
            <line>
              <![CDATA[Setup done and test cases are executing]]>
            </line>
          </reporter-output>
        </test-method> <!-- setupsuite -->
        <test-method status="PASS" signature="setup(java.lang.String, java.lang.String)[pri:0, instance:com.framework.testcases.Testcasewithframework@3c0ecd4b]" name="setup" is-config="true" duration-ms="27705" started-at="2020-03-03T11:39:40Z" finished-at="2020-03-03T11:40:07Z">
          <params>
            <param index="0">
              <value>
                <![CDATA[Chrome]]>
              </value>
            </param>
            <param index="1">
              <value>
                <![CDATA[https://www.facebook.com/]]>
              </value>
            </param>
          </params>
          <reporter-output>
            <line>
              <![CDATA[Browser launching]]>
            </line>
            <line>
              <![CDATA[Browser lauched]]>
            </line>
          </reporter-output>
        </test-method> <!-- setup -->
        <test-method status="FAIL" signature="test()[pri:0, instance:com.framework.testcases.Testcasewithframework@3c0ecd4b]" name="test" duration-ms="48909" started-at="2020-03-03T11:40:07Z" finished-at="2020-03-03T11:40:56Z">
          <exception class="org.openqa.selenium.NoSuchElementException">
            <message>
              <![CDATA[no such element: Unable to locate element: {"method":"xpath","selector":"(//a[@class='seeMore']//span[text()='See All'])[2]"}
  (Session info: chrome=80.0.3987.122)
  (Driver info: chromedriver=2.35.528161 (5b82f2d2aae0ca24b877009200ced9065a772e73),platform=Windows NT 10.0.18363 x86_64) (WARNING: The server did not provide any stacktrace information)
Command duration or timeout: 0 milliseconds
For documentation on this error, please visit: https://www.seleniumhq.org/exceptions/no_such_element.html
Build info: version: '3.141.59', revision: 'e82be7d358', time: '2018-11-14T08:17:03'
System info: host: 'IN-BLR-L007', ip: '10.33.16.55', os.name: 'Windows 10', os.arch: 'amd64', os.version: '10.0', java.version: '1.8.0_221'
Driver info: org.openqa.selenium.chrome.ChromeDriver
Capabilities {acceptInsecureCerts: false, acceptSslCerts: false, applicationCacheEnabled: false, browserConnectionEnabled: false, browserName: chrome, chrome: {chromedriverVersion: 2.35.528161 (5b82f2d2aae0ca..., userDataDir: C:\Users\SPERIY~1\AppData\L...}, cssSelectorsEnabled: true, databaseEnabled: false, handlesAlerts: true, hasTouchScreen: false, javascriptEnabled: true, locationContextEnabled: true, mobileEmulationEnabled: false, nativeEvents: true, networkConnectionEnabled: false, pageLoadStrategy: normal, platform: XP, platformName: XP, rotatable: false, setWindowRect: true, takesHeapSnapshot: true, takesScreenshot: true, unexpectedAlertBehaviour: , unhandledPromptBehavior: , version: 80.0.3987.122, webStorageEnabled: true}
Session ID: 171fbe25111d30fa7b40573b2d18681a
*** Element info: {Using=xpath, value=(//a[@class='seeMore']//span[text()='See All'])[2]}]]>
            </message>
            <full-stacktrace>
              <![CDATA[org.openqa.selenium.NoSuchElementException: no such element: Unable to locate element: {"method":"xpath","selector":"(//a[@class='seeMore']//span[text()='See All'])[2]"}
  (Session info: chrome=80.0.3987.122)
  (Driver info: chromedriver=2.35.528161 (5b82f2d2aae0ca24b877009200ced9065a772e73),platform=Windows NT 10.0.18363 x86_64) (WARNING: The server did not provide any stacktrace information)
Command duration or timeout: 0 milliseconds
For documentation on this error, please visit: https://www.seleniumhq.org/exceptions/no_such_element.html
Build info: version: '3.141.59', revision: 'e82be7d358', time: '2018-11-14T08:17:03'
System info: host: 'IN-BLR-L007', ip: '10.33.16.55', os.name: 'Windows 10', os.arch: 'amd64', os.version: '10.0', java.version: '1.8.0_221'
Driver info: org.openqa.selenium.chrome.ChromeDriver
Capabilities {acceptInsecureCerts: false, acceptSslCerts: false, applicationCacheEnabled: false, browserConnectionEnabled: false, browserName: chrome, chrome: {chromedriverVersion: 2.35.528161 (5b82f2d2aae0ca..., userDataDir: C:\Users\SPERIY~1\AppData\L...}, cssSelectorsEnabled: true, databaseEnabled: false, handlesAlerts: true, hasTouchScreen: false, javascriptEnabled: true, locationContextEnabled: true, mobileEmulationEnabled: false, nativeEvents: true, networkConnectionEnabled: false, pageLoadStrategy: normal, platform: XP, platformName: XP, rotatable: false, setWindowRect: true, takesHeapSnapshot: true, takesScreenshot: true, unexpectedAlertBehaviour: , unhandledPromptBehavior: , version: 80.0.3987.122, webStorageEnabled: true}
Session ID: 171fbe25111d30fa7b40573b2d18681a
*** Element info: {Using=xpath, value=(//a[@class='seeMore']//span[text()='See All'])[2]}
at sun.reflect.NativeConstructorAccessorImpl.newInstance0(Native Method)
at sun.reflect.NativeConstructorAccessorImpl.newInstance(Unknown Source)
at sun.reflect.DelegatingConstructorAccessorImpl.newInstance(Unknown Source)
at java.lang.reflect.Constructor.newInstance(Unknown Source)
at org.openqa.selenium.remote.ErrorHandler.createThrowable(ErrorHandler.java:214)
at org.openqa.selenium.remote.ErrorHandler.throwIfResponseFailed(ErrorHandler.java:166)
at org.openqa.selenium.remote.http.JsonHttpResponseCodec.reconstructValue(JsonHttpResponseCodec.java:40)
at org.openqa.selenium.remote.http.AbstractHttpResponseCodec.decode(AbstractHttpResponseCodec.java:80)
at org.openqa.selenium.remote.http.AbstractHttpResponseCodec.decode(AbstractHttpResponseCodec.java:44)
at org.openqa.selenium.remote.HttpCommandExecutor.execute(HttpCommandExecutor.java:158)
at org.openqa.selenium.remote.service.DriverCommandExecutor.execute(DriverCommandExecutor.java:83)
at org.openqa.selenium.remote.RemoteWebDriver.execute(RemoteWebDriver.java:552)
at org.openqa.selenium.remote.RemoteWebDriver.findElement(RemoteWebDriver.java:323)
at org.openqa.selenium.remote.RemoteWebDriver.findElementByXPath(RemoteWebDriver.java:428)
at org.openqa.selenium.By$ByXPath.findElement(By.java:353)
at org.openqa.selenium.remote.RemoteWebDriver.findElement(RemoteWebDriver.java:315)
at com.framework.pages.HomePage.see_all(HomePage.java:23)
at com.framework.testcases.Testcasewithframework.test(Testcasewithframework.java:24)
at sun.reflect.NativeMethodAccessorImpl.invoke0(Native Method)
at sun.reflect.NativeMethodAccessorImpl.invoke(Unknown Source)
at sun.reflect.DelegatingMethodAccessorImpl.invoke(Unknown Source)
at java.lang.reflect.Method.invoke(Unknown Source)
at org.testng.internal.MethodInvocationHelper.invokeMethod(MethodInvocationHelper.java:124)
at org.testng.internal.Invoker.invokeMethod(Invoker.java:583)
at org.testng.internal.Invoker.invokeTestMethod(Invoker.java:719)
at org.testng.internal.Invoker.invokeTestMethods(Invoker.java:989)
at org.testng.internal.TestMethodWorker.invokeTestMethods(TestMethodWorker.java:125)
at org.testng.internal.TestMethodWorker.run(TestMethodWorker.java:109)
at org.testng.TestRunner.privateRun(TestRunner.java:648)
at org.testng.TestRunner.run(TestRunner.java:505)
at org.testng.SuiteRunner.runTest(SuiteRunner.java:455)
at org.testng.SuiteRunner.runSequentially(SuiteRunner.java:450)
at org.testng.SuiteRunner.privateRun(SuiteRunner.java:415)
at org.testng.SuiteRunner.run(SuiteRunner.java:364)
at org.testng.SuiteRunnerWorker.runSuite(SuiteRunnerWorker.java:52)
at org.testng.SuiteRunnerWorker.run(SuiteRunnerWorker.java:84)
at org.testng.TestNG.runSuitesSequentially(TestNG.java:1208)
at org.testng.TestNG.runSuitesLocally(TestNG.java:1137)
at org.testng.TestNG.runSuites(TestNG.java:1049)
at org.testng.TestNG.run(TestNG.java:1017)
at org.testng.remote.AbstractRemoteTestNG.run(AbstractRemoteTestNG.java:115)
at org.testng.remote.RemoteTestNG.initAndRun(RemoteTestNG.java:251)
at org.testng.remote.RemoteTestNG.main(RemoteTestNG.java:77)
]]>
            </full-stacktrace>
          </exception> <!-- org.openqa.selenium.NoSuchElementException -->
          <reporter-output>
          </reporter-output>
        </test-method> <!-- test -->
        <test-method status="PASS" signature="teardownMessage(org.testng.ITestResult)[pri:0, instance:com.framework.testcases.Testcasewithframework@3c0ecd4b]" name="teardownMessage" is-config="true" duration-ms="772" started-at="2020-03-03T11:40:56Z" finished-at="2020-03-03T11:40:57Z">
          <params>
            <param index="0">
              <value>
                <![CDATA[[TestResult name=test status=FAILURE method=Testcasewithframework.test()[pri:0, instance:com.framework.testcases.Testcasewithframework@3c0ecd4b] output={null}]]]>
              </value>
            </param>
          </params>
          <reporter-output>
            <line>
              <![CDATA[Test in After method]]>
            </line>
            <line>
              <![CDATA[Test completed and Reports generated]]>
            </line>
          </reporter-output>
        </test-method> <!-- teardownMessage -->
        <test-method status="PASS" signature="teardown()[pri:0, instance:com.framework.testcases.Testcasewithframework@3c0ecd4b]" name="teardown" is-config="true" duration-ms="702" started-at="2020-03-03T11:40:57Z" finished-at="2020-03-03T11:40:58Z">
          <reporter-output>
            <line>
              <![CDATA[Quiting]]>
            </line>
            <line>
              <![CDATA[Quiting done]]>
            </line>
          </reporter-output>
        </test-method> <!-- teardown -->
      </class> <!-- com.framework.testcases.Testcasewithframework -->
    </test> <!-- Test -->
  </suite> <!-- Suite -->
</testng-results>
